<?xml version="1.0" encoding="UTF-8"?>
<!-- Generated by org.testng.reporters.JUnitXMLReporter -->
<testsuite ignored="0" hostname="LAPTOP-SHANE-SEPTEMBER" failures="0" tests="5" name="Free CRM App Test Cases" time="99.939" errors="0" timestamp="2023-01-03T16:46:22 CAT">
  <testcase classname="com.crm.qa.testcases.LoginPageTest" name="loginPageTitleTest" time="0.09"/>
  <testcase classname="com.crm.qa.testcases.LoginPageTest" name="crmLogoImageTest" time="0.098"/>
  <testcase classname="com.crm.qa.testcases.LoginPageTest" name="loginCRMTest" time="14.811"/>
  <testcase classname="com.crm.qa.testcases.HomePageTest" name="homePageTest" time="14.338"/>
  <testcase classname="com.crm.qa.testcases.ContactPageTest" name="contactPageValidated" time="1.35"/>
</testsuite> <!-- Free CRM App Test Cases -->
