<?xml version="1.0" encoding="UTF-8"?>
<testng-results ignored="0" total="2" passed="2" failed="0" skipped="0">
  <reporter-output>
  </reporter-output>
  <suite started-at="2023-01-20T11:15:50 CAT" name="Default suite" finished-at="2023-01-20T11:16:35 CAT" duration-ms="45092">
    <groups>
    </groups>
    <test started-at="2023-01-20T11:15:50 CAT" name="Default test" finished-at="2023-01-20T11:16:35 CAT" duration-ms="45092">
      <class name="com.crm.qa.testcases.LandingPageTest">
        <test-method is-config="true" signature="setUp()[pri:0, instance:com.crm.qa.testcases.LandingPageTest@2d901eb0]" started-at="2023-01-20T11:15:50 CAT" name="setUp" finished-at="2023-01-20T11:16:13 CAT" duration-ms="22585" status="PASS">
          <reporter-output>
          </reporter-output>
        </test-method> <!-- setUp -->
        <test-method signature="productSelectedTest()[pri:1, instance:com.crm.qa.testcases.LandingPageTest@2d901eb0]" started-at="2023-01-20T11:16:13 CAT" name="productSelectedTest" finished-at="2023-01-20T11:16:29 CAT" duration-ms="16708" status="PASS">
          <reporter-output>
          </reporter-output>
        </test-method> <!-- productSelectedTest -->
        <test-method is-config="true" signature="tearDown()[pri:0, instance:com.crm.qa.testcases.LandingPageTest@2d901eb0]" started-at="2023-01-20T11:16:29 CAT" name="tearDown" finished-at="2023-01-20T11:16:30 CAT" duration-ms="315" status="PASS">
          <reporter-output>
          </reporter-output>
        </test-method> <!-- tearDown -->
      </class> <!-- com.crm.qa.testcases.LandingPageTest -->
      <class name="com.crm.qa.testcases.StarWarsAPITest">
        <test-method signature="HeroValidation()[pri:0, instance:com.crm.qa.testcases.StarWarsAPITest@723ca036]" started-at="2023-01-20T11:16:30 CAT" name="HeroValidation" finished-at="2023-01-20T11:16:35 CAT" duration-ms="5354" status="PASS">
          <reporter-output>
          </reporter-output>
        </test-method> <!-- HeroValidation -->
      </class> <!-- com.crm.qa.testcases.StarWarsAPITest -->
    </test> <!-- Default test -->
  </suite> <!-- Default suite -->
</testng-results>
