<?xml version="1.0" encoding="UTF-8"?>
<testng-results ignored="0" total="1" passed="1" failed="0" skipped="0">
  <reporter-output>
  </reporter-output>
  <suite started-at="2023-01-20T05:57:19 CAT" name="Default suite" finished-at="2023-01-20T05:57:56 CAT" duration-ms="36667">
    <groups>
    </groups>
    <test started-at="2023-01-20T05:57:19 CAT" name="Default test" finished-at="2023-01-20T05:57:56 CAT" duration-ms="36667">
      <class name="com.crm.qa.testcases.LandingPageTest">
        <test-method is-config="true" signature="setUp()[pri:0, instance:com.crm.qa.testcases.LandingPageTest@8519cb4]" started-at="2023-01-20T05:57:19 CAT" name="setUp" finished-at="2023-01-20T05:57:39 CAT" duration-ms="19967" status="PASS">
          <reporter-output>
          </reporter-output>
        </test-method> <!-- setUp -->
        <test-method signature="retailSiteUpTest()[pri:1, instance:com.crm.qa.testcases.LandingPageTest@8519cb4]" started-at="2023-01-20T05:57:39 CAT" name="retailSiteUpTest" finished-at="2023-01-20T05:57:55 CAT" duration-ms="16296" status="PASS">
          <reporter-output>
          </reporter-output>
        </test-method> <!-- retailSiteUpTest -->
        <test-method is-config="true" signature="tearDown()[pri:0, instance:com.crm.qa.testcases.LandingPageTest@8519cb4]" started-at="2023-01-20T05:57:55 CAT" name="tearDown" finished-at="2023-01-20T05:57:56 CAT" duration-ms="307" status="PASS">
          <reporter-output>
          </reporter-output>
        </test-method> <!-- tearDown -->
      </class> <!-- com.crm.qa.testcases.LandingPageTest -->
    </test> <!-- Default test -->
  </suite> <!-- Default suite -->
</testng-results>
