<?xml version="1.0" encoding="UTF-8"?>
<!-- Generated by org.testng.reporters.JUnitXMLReporter -->
<testsuite ignored="0" hostname="LAPTOP-SHANE-SEPTEMBER" failures="0" tests="2" name="Command line test" time="39.438" errors="0" timestamp="2023-01-20T10:14:52 CAT">
  <testcase classname="com.crm.qa.testcases.LandingPageTest" name="productSelectedTest" time="15.904"/>
  <testcase classname="com.crm.qa.testcases.StarWarsAPITest" name="HeroValidation" time="4.532"/>
</testsuite> <!-- Command line test -->
