<?xml version="1.0" encoding="UTF-8"?>
<!-- Generated by org.testng.reporters.JUnitXMLReporter -->
<testsuite ignored="0" hostname="LAPTOP-SHANE-SEPTEMBER" failures="0" tests="9" name="Command line test" time="240.244" errors="0" timestamp="2023-01-04T16:36:06 CAT">
  <testcase classname="com.crm.qa.testcases.ContactPageTest" name="contactPageValidated" time="1.251"/>
  <testcase classname="com.crm.qa.testcases.HomePageTest" name="homePageTest" time="13.876"/>
  <testcase classname="com.crm.qa.testcases.LoginPageTest" name="loginPageTitleTest" time="0.01"/>
  <testcase classname="com.crm.qa.testcases.LoginPageTest" name="crmLogoImageTest" time="0.051"/>
  <testcase classname="com.crm.qa.testcases.LoginPageTest" name="loginCRMTest" time="13.612"/>
  <testcase classname="com.crm.qa.testcases.NewContactPageTest" name="addNewContact" time="6.421"/>
  <testcase classname="com.crm.qa.testcases.NewContactPageTest" name="addNewContact" time="6.322"/>
  <testcase classname="com.crm.qa.testcases.NewContactPageTest" name="addNewContact" time="6.491"/>
  <testcase classname="com.crm.qa.testcases.NewContactPageTest" name="addNewContacts" time="9.43"/>
</testsuite> <!-- Command line test -->
