<?xml version="1.0" encoding="UTF-8"?>
<!-- Generated by org.testng.reporters.JUnitXMLReporter -->
<testsuite ignored="0" hostname="LAPTOP-SHANE-SEPTEMBER" failures="1" tests="2" name="Test" time="39.044" errors="0" timestamp="2023-01-20T08:52:40 CAT">
  <testcase classname="com.crm.qa.testcases.LandingPageTest" name="retailSiteUpTest" time="15.645">
    <failure type="java.lang.NumberFormatException" message="empty String">
      <![CDATA[java.lang.NumberFormatException: empty String
at java.base/jdk.internal.math.FloatingDecimal.readJavaFormatString(FloatingDecimal.java:1842)
at java.base/jdk.internal.math.FloatingDecimal.parseDouble(FloatingDecimal.java:110)
at java.base/java.lang.Double.parseDouble(Double.java:543)
at com.crm.qa.pages.SingleProductPage.getPrice(SingleProductPage.java:84)
at com.crm.qa.testcases.LandingPageTest.retailSiteUpTest(LandingPageTest.java:42)
at java.base/java.util.ArrayList.forEach(ArrayList.java:1541)
... Removed 27 stack frames]]>
    </failure>
  </testcase> <!-- retailSiteUpTest -->
  <testcase classname="com.crm.qa.testcases.StarWarsAPITest" name="HeroValidation" time="3.797"/>
</testsuite> <!-- Test -->
