<?xml version="1.0" encoding="UTF-8" ?>
<testsuite tests="9" failures="0" name="TestSuite" time="57.463" errors="0" skipped="0">
  <properties>
[...]
</properties>
  <testcase classname="com.crm.qa.testcases.ContactPageTest" name="contactPageValidated" time="1.254"/>
  <testcase classname="com.crm.qa.testcases.HomePageTest" name="homePageTest" time="13.876"/>
  <testcase classname="com.crm.qa.testcases.LoginPageTest" name="loginPageTitleTest" time="0.009"/>
  <testcase classname="com.crm.qa.testcases.LoginPageTest" name="crmLogoImageTest" time="0.051"/>
  <testcase classname="com.crm.qa.testcases.LoginPageTest" name="loginCRMTest" time="13.609"/>
  <testcase classname="com.crm.qa.testcases.NewContactPageTest" name="addNewContact" time="6.422"/>
  <testcase classname="com.crm.qa.testcases.NewContactPageTest" name="addNewContact" time="6.322"/>
  <testcase classname="com.crm.qa.testcases.NewContactPageTest" name="addNewContact" time="6.49"/>
  <testcase classname="com.crm.qa.testcases.NewContactPageTest" name="addNewContacts" time="9.43"/>
</testsuite>