<?xml version="1.0" encoding="UTF-8"?>
<testng-results ignored="0" total="2" passed="2" failed="0" skipped="0">
  <reporter-output>
  </reporter-output>
  <suite started-at="2023-01-20T10:14:12 CAT" name="Command line suite" finished-at="2023-01-20T10:14:52 CAT" duration-ms="39438">
    <groups>
    </groups>
    <test started-at="2023-01-20T10:14:12 CAT" name="Command line test" finished-at="2023-01-20T10:14:52 CAT" duration-ms="39438">
      <class name="com.crm.qa.testcases.LandingPageTest">
        <test-method is-config="true" signature="setUp()[pri:0, instance:com.crm.qa.testcases.LandingPageTest@6236eb5f]" started-at="2023-01-20T10:14:12 CAT" name="setUp" finished-at="2023-01-20T10:14:31 CAT" duration-ms="18534" status="PASS">
          <reporter-output>
          </reporter-output>
        </test-method> <!-- setUp -->
        <test-method signature="productSelectedTest()[pri:1, instance:com.crm.qa.testcases.LandingPageTest@6236eb5f]" started-at="2023-01-20T10:14:31 CAT" name="productSelectedTest" finished-at="2023-01-20T10:14:47 CAT" duration-ms="15904" status="PASS">
          <reporter-output>
          </reporter-output>
        </test-method> <!-- productSelectedTest -->
        <test-method is-config="true" signature="tearDown()[pri:0, instance:com.crm.qa.testcases.LandingPageTest@6236eb5f]" started-at="2023-01-20T10:14:47 CAT" name="tearDown" finished-at="2023-01-20T10:14:47 CAT" duration-ms="382" status="PASS">
          <reporter-output>
          </reporter-output>
        </test-method> <!-- tearDown -->
      </class> <!-- com.crm.qa.testcases.LandingPageTest -->
      <class name="com.crm.qa.testcases.StarWarsAPITest">
        <test-method signature="HeroValidation()[pri:0, instance:com.crm.qa.testcases.StarWarsAPITest@49dc7102]" started-at="2023-01-20T10:14:47 CAT" name="HeroValidation" finished-at="2023-01-20T10:14:52 CAT" duration-ms="4532" status="PASS">
          <reporter-output>
          </reporter-output>
        </test-method> <!-- HeroValidation -->
      </class> <!-- com.crm.qa.testcases.StarWarsAPITest -->
    </test> <!-- Command line test -->
  </suite> <!-- Command line suite -->
</testng-results>
